# JRE version: OpenJDK Runtime Environment (8.0_212-b04) (build 1.8.0_212-release-1586-b04)
# Java VM: OpenJDK 64-Bit Server VM (25.212-b04 mixed mode windows-amd64 compressed oops)
Heap:
 PSYoungGen      total 482816K, used 462462K [0x00000000e0000000, 0x00000000ffb80000, 0x0000000100000000)
  eden space 452096K, 100% used [0x00000000e0000000,0x00000000fb980000,0x00000000fb980000)
  from space 30720K, 33% used [0x00000000fdd80000,0x00000000fe79fb50,0x00000000ffb80000)
  to   space 33792K, 41% used [0x00000000fb980000,0x00000000fc717168,0x00000000fda80000)
 ParOldGen       total 292352K, used 226902K [0x00000000a0000000, 0x00000000b1d80000, 0x00000000e0000000)
  object space 292352K, 77% used [0x00000000a0000000,0x00000000add95878,0x00000000b1d80000)
 Metaspace       used 76265K, capacity 79660K, committed 81664K, reserved 1120256K
  class space    used 10209K, capacity 10972K, committed 11520K, reserved 1048576K
GC Heap History (10 events):
Event: 218.992 GC heap before
{Heap before GC invocations=44 (full 4):
 PSYoungGen      total 454656K, used 419116K [0x00000000e0000000, 0x0000000100000000, 0x0000000100000000)
  eden space 410624K, 100% used [0x00000000e0000000,0x00000000f9100000,0x00000000f9100000)
  from space 44032K, 19% used [0x00000000f9100000,0x00000000f994b2d0,0x00000000fbc00000)
  to   space 42496K, 0% used [0x00000000fd680000,0x00000000fd680000,0x0000000100000000)
 ParOldGen       total 292352K, used 202337K [0x00000000a0000000, 0x00000000b1d80000, 0x00000000e0000000)
  object space 292352K, 69% used [0x00000000a0000000,0x00000000ac5986a8,0x00000000b1d80000)
 Metaspace       used 75843K, capacity 79182K, committed 81408K, reserved 1120256K
  class space    used 10143K, capacity 10909K, committed 11520K, reserved 1048576K
Event: 219.046 GC heap after
Heap after GC invocations=44 (full 4):
 PSYoungGen      total 474624K, used 10121K [0x00000000e0000000, 0x00000000ffa80000, 0x0000000100000000)
  eden space 437760K, 0% used [0x00000000e0000000,0x00000000e0000000,0x00000000fab80000)
  from space 36864K, 27% used [0x00000000fd680000,0x00000000fe0625d0,0x00000000ffa80000)
  to   space 40448K, 0% used [0x00000000fab80000,0x00000000fab80000,0x00000000fd300000)
 ParOldGen       total 292352K, used 205923K [0x00000000a0000000, 0x00000000b1d80000, 0x00000000e0000000)
  object space 292352K, 70% used [0x00000000a0000000,0x00000000ac918c18,0x00000000b1d80000)
 Metaspace       used 75843K, capacity 79182K, committed 81408K, reserved 1120256K
  class space    used 10143K, capacity 10909K, committed 11520K, reserved 1048576K
}
Event: 220.963 GC heap before
{Heap before GC invocations=45 (full 4):
 PSYoungGen      total 474624K, used 447881K [0x00000000e0000000, 0x00000000ffa80000, 0x0000000100000000)
  eden space 437760K, 100% used [0x00000000e0000000,0x00000000fab80000,0x00000000fab80000)
  from space 36864K, 27% used [0x00000000fd680000,0x00000000fe0625d0,0x00000000ffa80000)
  to   space 40448K, 0% used [0x00000000fab80000,0x00000000fab80000,0x00000000fd300000)
 ParOldGen       total 292352K, used 205923K [0x00000000a0000000, 0x00000000b1d80000, 0x00000000e0000000)
  object space 292352K, 70% used [0x00000000a0000000,0x00000000ac918c18,0x00000000b1d80000)
 Metaspace       used 75854K, capacity 79186K, committed 81408K, reserved 1120256K
  class space    used 10143K, capacity 10909K, committed 11520K, reserved 1048576K
Event: 221.337 GC heap after
Heap after GC invocations=45 (full 4):
 PSYoungGen      total 478208K, used 11851K [0x00000000e0000000, 0x00000000fff80000, 0x0000000100000000)
  eden space 437760K, 0% used [0x00000000e0000000,0x00000000e0000000,0x00000000fab80000)
  from space 40448K, 29% used [0x00000000fab80000,0x00000000fb712ff8,0x00000000fd300000)
  to   space 38400K, 0% used [0x00000000fda00000,0x00000000fda00000,0x00000000fff80000)
 ParOldGen       total 292352K, used 211584K [0x00000000a0000000, 0x00000000b1d80000, 0x00000000e0000000)
  object space 292352K, 72% used [0x00000000a0000000,0x00000000acea0268,0x00000000b1d80000)
 Metaspace       used 75854K, capacity 79186K, committed 81408K, reserved 1120256K
  class space    used 10143K, capacity 10909K, committed 11520K, reserved 1048576K
}
Event: 223.763 GC heap before
{Heap before GC invocations=46 (full 4):
 PSYoungGen      total 478208K, used 449611K [0x00000000e0000000, 0x00000000fff80000, 0x0000000100000000)
  eden space 437760K, 100% used [0x00000000e0000000,0x00000000fab80000,0x00000000fab80000)
  from space 40448K, 29% used [0x00000000fab80000,0x00000000fb712ff8,0x00000000fd300000)
  to   space 38400K, 0% used [0x00000000fda00000,0x00000000fda00000,0x00000000fff80000)
 ParOldGen       total 292352K, used 211584K [0x00000000a0000000, 0x00000000b1d80000, 0x00000000e0000000)
  object space 292352K, 72% used [0x00000000a0000000,0x00000000acea0268,0x00000000b1d80000)
 Metaspace       used 75865K, capacity 79186K, committed 81408K, reserved 1120256K
  class space    used 10143K, capacity 10909K, committed 11520K, reserved 1048576K
Event: 223.894 GC heap after
Heap after GC invocations=46 (full 4):
 PSYoungGen      total 479232K, used 9445K [0x00000000e0000000, 0x00000000ffb00000, 0x0000000100000000)
  eden space 445440K, 0% used [0x00000000e0000000,0x00000000e0000000,0x00000000fb300000)
  from space 33792K, 27% used [0x00000000fda00000,0x00000000fe339510,0x00000000ffb00000)
  to   space 36864K, 0% used [0x00000000fb300000,0x00000000fb300000,0x00000000fd700000)
 ParOldGen       total 292352K, used 217152K [0x00000000a0000000, 0x00000000b1d80000, 0x00000000e0000000)
  object space 292352K, 74% used [0x00000000a0000000,0x00000000ad4103a8,0x00000000b1d80000)
 Metaspace       used 75865K, capacity 79186K, committed 81408K, reserved 1120256K
  class space    used 10143K, capacity 10909K, committed 11520K, reserved 1048576K
}
Event: 227.463 GC heap before
{Heap before GC invocations=47 (full 4):
 PSYoungGen      total 479232K, used 454885K [0x00000000e0000000, 0x00000000ffb00000, 0x0000000100000000)
  eden space 445440K, 100% used [0x00000000e0000000,0x00000000fb300000,0x00000000fb300000)
  from space 33792K, 27% used [0x00000000fda00000,0x00000000fe339510,0x00000000ffb00000)
  to   space 36864K, 0% used [0x00000000fb300000,0x00000000fb300000,0x00000000fd700000)
 ParOldGen       total 292352K, used 217152K [0x00000000a0000000, 0x00000000b1d80000, 0x00000000e0000000)
  object space 292352K, 74% used [0x00000000a0000000,0x00000000ad4103a8,0x00000000b1d80000)
 Metaspace       used 75993K, capacity 79252K, committed 81408K, reserved 1120256K
  class space    used 10164K, capacity 10910K, committed 11520K, reserved 1048576K
Event: 227.568 GC heap after
Heap after GC invocations=47 (full 4):
 PSYoungGen      total 482304K, used 8999K [0x00000000e0000000, 0x0000000100000000, 0x0000000100000000)
  eden space 445440K, 0% used [0x00000000e0000000,0x00000000e0000000,0x00000000fb300000)
  from space 36864K, 24% used [0x00000000fb300000,0x00000000fbbc9c38,0x00000000fd700000)
  to   space 35328K, 0% used [0x00000000fdd80000,0x00000000fdd80000,0x0000000100000000)
 ParOldGen       total 292352K, used 220879K [0x00000000a0000000, 0x00000000b1d80000, 0x00000000e0000000)
  object space 292352K, 75% used [0x00000000a0000000,0x00000000ad7b3d28,0x00000000b1d80000)
 Metaspace       used 75993K, capacity 79252K, committed 81408K, reserved 1120256K
  class space    used 10164K, capacity 10910K, committed 11520K, reserved 1048576K
}
Event: 246.567 GC heap before
{Heap before GC invocations=48 (full 4):
 PSYoungGen      total 482304K, used 454439K [0x00000000e0000000, 0x0000000100000000, 0x0000000100000000)
  eden space 445440K, 100% used [0x00000000e0000000,0x00000000fb300000,0x00000000fb300000)
  from space 36864K, 24% used [0x00000000fb300000,0x00000000fbbc9c38,0x00000000fd700000)
  to   space 35328K, 0% used [0x00000000fdd80000,0x00000000fdd80000,0x0000000100000000)
 ParOldGen       total 292352K, used 220879K [0x00000000a0000000, 0x00000000b1d80000, 0x00000000e0000000)
  object space 292352K, 75% used [0x00000000a0000000,0x00000000ad7b3d28,0x00000000b1d80000)
 Metaspace       used 76198K, capacity 79602K, committed 81664K, reserved 1120256K
  class space    used 10196K, capacity 10959K, committed 11520K, reserved 1048576K
Event: 246.714 GC heap after
Heap after GC invocations=48 (full 4):
 PSYoungGen      total 482816K, used 10366K [0x00000000e0000000, 0x00000000ffb80000, 0x0000000100000000)
  eden space 452096K, 0% used [0x00000000e0000000,0x00000000e0000000,0x00000000fb980000)
  from space 30720K, 33% used [0x00000000fdd80000,0x00000000fe79fb50,0x00000000ffb80000)
  to   space 33792K, 0% used [0x00000000fb980000,0x00000000fb980000,0x00000000fda80000)
 ParOldGen       total 292352K, used 223153K [0x00000000a0000000, 0x00000000b1d80000, 0x00000000e0000000)
  object space 292352K, 76% used [0x00000000a0000000,0x00000000ad9ec738,0x00000000b1d80000)
 Metaspace       used 76198K, capacity 79602K, committed 81664K, reserved 1120256K
  class space    used 10196K, capacity 10959K, committed 11520K, reserved 1048576K
}

